2023-04-06 07:39:32,741 [Worker-6: Loading available Gradle versions] INFO  o.e.b.c.i.u.g.PublishedGradleVersions - Gradle version information cache is up-to-date. Trying to read.
2023-04-06 07:39:46,577 [Worker-4: Importing Maven projects] INFO  o.e.m.c.i.l.LifecycleMappingFactory - Using org.eclipse.m2e.jdt.JarLifecycleMapping lifecycle mapping for MavenProject: com.demo:hello_hibernate:0.0.1-SNAPSHOT @ /home/raj/Documents/youtube-javabackend2023/04_hibernate_6/16-hibernate_basics/pom.xml.
2023-04-06 07:39:46,631 [Worker-4: Importing Maven projects] WARN  o.e.m.c.i.embedder.EclipseLogger - The artifact org.hibernate:hibernate-core:jar:6.1.5.Final has been relocated to org.hibernate.orm:hibernate-core:jar:6.1.5.Final
2023-04-06 07:39:47,046 [Worker-4: Importing Maven projects] INFO  o.e.m.j.i.AbstractJavaProjectConfigurator - Adding source folder /16-hibernate_basics/src/main/java
2023-04-06 07:39:47,047 [Worker-4: Importing Maven projects] INFO  o.e.m.j.i.AbstractJavaProjectConfigurator - Adding resource folder /16-hibernate_basics/src/main/resources
2023-04-06 07:39:47,047 [Worker-4: Importing Maven projects] INFO  o.e.m.j.i.AbstractJavaProjectConfigurator - Adding source folder /16-hibernate_basics/src/test/java
2023-04-06 07:39:47,142 [Worker-4: Importing Maven projects] INFO  o.e.m.c.i.p.ProjectConfigurationManager - Imported and configured 1 project(s) in 1 sec
2023-04-06 07:39:47,955 [Worker-0: Building] WARN  o.e.m.c.i.embedder.EclipseLogger - Using platform encoding (UTF-8 actually) to copy filtered resources, i.e. build is platform dependent!
2023-04-06 07:39:47,960 [Worker-0: Building] INFO  o.e.m.c.i.embedder.EclipseLogger - Copying 1 resource
2023-04-06 07:39:47,970 [Worker-0: Building] WARN  o.e.m.c.i.embedder.EclipseLogger - Using platform encoding (UTF-8 actually) to copy filtered resources, i.e. build is platform dependent!
2023-04-06 07:39:47,971 [Worker-0: Building] INFO  o.e.m.c.i.embedder.EclipseLogger - skip non existing resourceDirectory /home/raj/Documents/youtube-javabackend2023/04_hibernate_6/16-hibernate_basics/src/test/resources
2023-04-06 07:42:07,219 [Worker-7: Loading available Gradle versions] INFO  o.e.b.c.i.u.g.PublishedGradleVersions - Gradle version information cache is up-to-date. Trying to read.
2023-04-06 07:42:07,749 [Worker-10: reload maven project] WARN  o.e.m.c.i.embedder.EclipseLogger - The artifact org.hibernate:hibernate-core:jar:6.1.5.Final has been relocated to org.hibernate.orm:hibernate-core:jar:6.1.5.Final
2023-04-06 07:42:47,515 [Worker-6: Building] WARN  o.e.m.c.i.embedder.EclipseLogger - Using platform encoding (UTF-8 actually) to copy filtered resources, i.e. build is platform dependent!
2023-04-06 07:42:47,518 [Worker-6: Building] INFO  o.e.m.c.i.embedder.EclipseLogger - Copying 1 resource
2023-04-06 07:42:47,523 [Worker-6: Building] WARN  o.e.m.c.i.embedder.EclipseLogger - Using platform encoding (UTF-8 actually) to copy filtered resources, i.e. build is platform dependent!
2023-04-06 07:42:47,523 [Worker-6: Building] INFO  o.e.m.c.i.embedder.EclipseLogger - skip non existing resourceDirectory /home/raj/Documents/youtube-javabackend2023/04_hibernate_6/16-hibernate_basics/src/test/resources
2023-04-06 08:28:18,670 [Worker-21: Building] INFO  o.e.m.c.i.l.LifecycleMappingFactory - Using org.eclipse.m2e.jdt.JarLifecycleMapping lifecycle mapping for MavenProject: com.demo:hello_hibernate:0.0.1-SNAPSHOT @ /home/raj/Documents/youtube-javabackend2023/04_hibernate_6/16-hibernate_basics/pom.xml.
2023-04-06 08:28:18,768 [Worker-21: Building] WARN  o.e.m.c.i.embedder.EclipseLogger - The artifact org.hibernate:hibernate-core:jar:6.1.5.Final has been relocated to org.hibernate.orm:hibernate-core:jar:6.1.5.Final
2023-04-06 08:28:18,905 [Worker-21: Building] WARN  o.e.m.c.i.embedder.EclipseLogger - Using platform encoding (UTF-8 actually) to copy filtered resources, i.e. build is platform dependent!
2023-04-06 08:28:18,906 [Worker-21: Building] INFO  o.e.m.c.i.embedder.EclipseLogger - Copying 0 resource
2023-04-06 08:28:18,909 [Worker-21: Building] WARN  o.e.m.c.i.embedder.EclipseLogger - Using platform encoding (UTF-8 actually) to copy filtered resources, i.e. build is platform dependent!
2023-04-06 08:28:18,909 [Worker-21: Building] INFO  o.e.m.c.i.embedder.EclipseLogger - skip non existing resourceDirectory /home/raj/Documents/youtube-javabackend2023/04_hibernate_6/16-hibernate_basics/src/test/resources
